<?xml version="1.0" encoding="UTF-8"?>
<!-- Generated by org.testng.reporters.JUnitReportReporter -->
<testsuite hostname="admin" failures="0" tests="4" name="BasicConcepts_TestNG.AnnotationConcept" time="0.052" errors="0" timestamp="30 Mar 2021 07:39:49 GMT" skipped="1">
  <testcase classname="BasicConcepts_TestNG.AnnotationConcept" name="b1" time="0.041"/>
  <testcase classname="BasicConcepts_TestNG.AnnotationConcept" name="a1" time="0.006"/>
  <testcase classname="BasicConcepts_TestNG.AnnotationConcept" name="m1" time="0.005"/>
  <testcase classname="BasicConcepts_TestNG.AnnotationConcept" name="c1">
    <skipped/>
  </testcase> <!-- c1 -->
</testsuite> <!-- BasicConcepts_TestNG.AnnotationConcept -->
