<?xml version="1.0" encoding="UTF-8"?>
<!-- Generated by org.testng.reporters.JUnitReportReporter -->
<testsuite hostname="admin" failures="0" tests="2" name="BasicConcepts_TestNG.demoCartApplication" time="25.987" errors="0" timestamp="30 Mar 2021 08:02:01 GMT" skipped="0">
  <testcase classname="BasicConcepts_TestNG.demoCartApplication" name="titleCheck" time="15.627"/>
  <testcase classname="BasicConcepts_TestNG.demoCartApplication" name="logoDisplayCheck" time="10.360"/>
</testsuite> <!-- BasicConcepts_TestNG.demoCartApplication -->
